2021-08-04 16:51:30,853    DEBUG - __init__()...
2021-08-04 16:51:30,854    DEBUG - dealCards()...
2021-08-04 16:51:43,994    DEBUG - showResult()...
2021-08-04 16:58:22,873    DEBUG - __init__()...
2021-08-04 16:58:22,873    DEBUG - dealCards()...
2021-08-04 16:58:22,874    DEBUG - hit()...
2021-08-04 16:59:07,698     INFO - amy: [(4, CLUBS), (9, SPADES), (5, DIAMONDS)]:18:0
2021-08-04 17:00:37,988     INFO - roy: [(6, CLUBS), (J, SPADES), (6, HEARTS)]:22:0
2021-08-04 17:00:37,989    DEBUG - showResult()...
2021-08-04 17:00:37,992     INFO - amy: [(4, CLUBS), (9, SPADES), (5, DIAMONDS)]:18:0
2021-08-04 17:00:37,993     INFO - roy: [(6, CLUBS), (J, SPADES), (6, HEARTS)]:22:0
2021-08-04 17:15:36,551    DEBUG - __init__()...
2021-08-04 17:15:36,553    DEBUG - dealCards()...
2021-08-04 17:15:36,553     INFO - Melynda: [(10, SPADES)]:10:0
2021-08-04 17:15:36,553     INFO - Yogen: [(8, CLUBS)]:8:0
2021-08-04 17:15:36,553     INFO - Dealer: [(8, DIAMONDS)]:8:0
2021-08-04 17:15:36,553     INFO - Melynda: [(10, SPADES), (A, SPADES)]:21:0
2021-08-04 17:15:36,553     INFO - Yogen: [(8, CLUBS), (10, DIAMONDS)]:18:0
2021-08-04 17:15:36,554     INFO - Dealer: [(8, DIAMONDS), (Q, SPADES)]:18:0
2021-08-04 17:15:36,554    DEBUG - hit()...
2021-08-04 17:15:49,976    DEBUG - showResult()...
2021-08-04 17:15:49,976     INFO - Melynda: [(10, SPADES), (A, SPADES)]:21:1
2021-08-04 17:15:49,984     INFO - Yogen: [(8, CLUBS), (10, DIAMONDS)]:18:0
2021-08-04 17:15:49,984     INFO - Dealer: [(8, DIAMONDS), (Q, SPADES)]:18:0
2021-08-04 18:02:10,221    DEBUG - __init__()...
2021-08-04 18:02:10,222    DEBUG - dealCards()...
2021-08-04 18:02:10,222     INFO - amy: [(9, HEARTS)]:9:0
2021-08-04 18:02:10,222     INFO - john: [(3, HEARTS)]:3:0
2021-08-04 18:02:10,222     INFO - Dealer: [(K, CLUBS)]:10:0
2021-08-04 18:02:10,222     INFO - amy: [(9, HEARTS), (K, HEARTS)]:19:0
2021-08-04 18:02:10,222     INFO - john: [(3, HEARTS), (7, SPADES)]:10:0
2021-08-04 18:02:10,223     INFO - Dealer: [(K, CLUBS), (6, HEARTS)]:16:0
2021-08-04 18:02:10,223    DEBUG - hit()...
